1566883818166	mozrunner::runner	INFO	Running command: "/usr/bin/firefox" "-marionette" "-foreground" "-no-remote" "-profile" "/tmp/rust_mozprofile.IF9nCtrpGXxi"
1566883818931	addons.webextension.screenshots@mozilla.org	WARN	Loading extension 'screenshots@mozilla.org': Reading manifest: Invalid extension permission: mozillaAddons
1566883818931	addons.webextension.screenshots@mozilla.org	WARN	Loading extension 'screenshots@mozilla.org': Reading manifest: Invalid extension permission: resource://pdf.js/
1566883818931	addons.webextension.screenshots@mozilla.org	WARN	Loading extension 'screenshots@mozilla.org': Reading manifest: Invalid extension permission: about:reader*

(firefox:11192): Gtk-WARNING **: 12:30:19.261: Theme directory 48/mimetypes of theme Qogir-dark has no size field

1566883821113	Marionette	INFO	Listening on port 43175
1566883821179	Marionette	WARN	TLS certificate errors will be ignored for this session
JavaScript error: https://news.detik.com/berita/d-4675794/bmkg-keluarkan-peringatan-dini-kekeringan-untuk-jakarta-dan-banten, line 817: TypeError: $(...).attrchange is not a function
console.error: BroadcastService: 
  receivedBroadcastMessage: handler for
  remote-settings/monitor_changes
  threw error:
  Message: Error: Polling for changes failed: NetworkError when attempting to fetch resource..
  Stack:
    remoteSettingsFunction/remoteSettings.pollChanges@resource://services-settings/remote-settings.js:190:13

[Parent 11192, Gecko_IOThread] WARNING: pipe error (70): Connection reset by peer: file /build/firefox-6m4fHv/firefox-66.0.3+build1/ipc/chromium/src/chrome/common/ipc_channel_posix.cc, line 357
1566883973756	Marionette	INFO	Stopped listening on port 43175
1566884129892	mozrunner::runner	INFO	Running command: "/usr/bin/firefox" "-marionette" "-foreground" "-no-remote" "-profile" "/tmp/rust_mozprofile.BVNKqOGj6pSb"
1566884130355	addons.webextension.screenshots@mozilla.org	WARN	Loading extension 'screenshots@mozilla.org': Reading manifest: Invalid extension permission: mozillaAddons
1566884130356	addons.webextension.screenshots@mozilla.org	WARN	Loading extension 'screenshots@mozilla.org': Reading manifest: Invalid extension permission: resource://pdf.js/
1566884130356	addons.webextension.screenshots@mozilla.org	WARN	Loading extension 'screenshots@mozilla.org': Reading manifest: Invalid extension permission: about:reader*

(firefox:12110): Gtk-WARNING **: 12:35:30.638: Theme directory 48/mimetypes of theme Qogir-dark has no size field

1566884132088	Marionette	INFO	Listening on port 45123
1566884132103	Marionette	WARN	TLS certificate errors will be ignored for this session
console.error: BroadcastService: 
  receivedBroadcastMessage: handler for
  remote-settings/monitor_changes
  threw error:
  Message: Error: Polling for changes failed: NetworkError when attempting to fetch resource..
  Stack:
    remoteSettingsFunction/remoteSettings.pollChanges@resource://services-settings/remote-settings.js:190:13

1566884162343	Marionette	INFO	Stopped listening on port 45123
[Child 12265, Chrome_ChildThread] WARNING: pipe error: Broken pipe: file /build/firefox-6m4fHv/firefox-66.0.3+build1/ipc/chromium/src/chrome/common/ipc_channel_posix.cc, line 726
[Child 12265, Chrome_ChildThread] WARNING: pipe error: Broken pipe: file /build/firefox-6m4fHv/firefox-66.0.3+build1/ipc/chromium/src/chrome/common/ipc_channel_posix.cc, line 726
[Child 12265, Chrome_ChildThread] WARNING: pipe error: Broken pipe: file /build/firefox-6m4fHv/firefox-66.0.3+build1/ipc/chromium/src/chrome/common/ipc_channel_posix.cc, line 726
[Child 12265, Chrome_ChildThread] WARNING: pipe error: Broken pipe: file /build/firefox-6m4fHv/firefox-66.0.3+build1/ipc/chromium/src/chrome/common/ipc_channel_posix.cc, line 726
[Child 12265, Chrome_ChildThread] WARNING: pipe error: Broken pipe: file /build/firefox-6m4fHv/firefox-66.0.3+build1/ipc/chromium/src/chrome/common/ipc_channel_posix.cc, line 726
[Child 12265, Chrome_ChildThread] WARNING: pipe error: Broken pipe: file /build/firefox-6m4fHv/firefox-66.0.3+build1/ipc/chromium/src/chrome/common/ipc_channel_posix.cc, line 726
[Child 12265, Chrome_ChildThread] WARNING: pipe error: Broken pipe: file /build/firefox-6m4fHv/firefox-66.0.3+build1/ipc/chromium/src/chrome/common/ipc_channel_posix.cc, line 726
[Child 12265, Chrome_ChildThread] WARNING: pipe error: Broken pipe: file /build/firefox-6m4fHv/firefox-66.0.3+build1/ipc/chromium/src/chrome/common/ipc_channel_posix.cc, line 726
[Child 12265, Chrome_ChildThread] WARNING: pipe error: Broken pipe: file /build/firefox-6m4fHv/firefox-66.0.3+build1/ipc/chromium/src/chrome/common/ipc_channel_posix.cc, line 726
[Child 12265, Chrome_ChildThread] WARNING: pipe error: Broken pipe: file /build/firefox-6m4fHv/firefox-66.0.3+build1/ipc/chromium/src/chrome/common/ipc_channel_posix.cc, line 726
[Child 12265, Chrome_ChildThread] WARNING: pipe error (3): Connection reset by peer: file /build/firefox-6m4fHv/firefox-66.0.3+build1/ipc/chromium/src/chrome/common/ipc_channel_posix.cc, line 357
[Parent 12110, Gecko_IOThread] WARNING: pipe error (114): Connection reset by peer: file /build/firefox-6m4fHv/firefox-66.0.3+build1/ipc/chromium/src/chrome/common/ipc_channel_posix.cc, line 357
1566884592401	mozrunner::runner	INFO	Running command: "/usr/bin/firefox" "-marionette" "-foreground" "-no-remote" "-profile" "/tmp/rust_mozprofile.bIRwM5SHeRUy"
1566884592883	addons.webextension.screenshots@mozilla.org	WARN	Loading extension 'screenshots@mozilla.org': Reading manifest: Invalid extension permission: mozillaAddons
1566884592884	addons.webextension.screenshots@mozilla.org	WARN	Loading extension 'screenshots@mozilla.org': Reading manifest: Invalid extension permission: resource://pdf.js/
1566884592884	addons.webextension.screenshots@mozilla.org	WARN	Loading extension 'screenshots@mozilla.org': Reading manifest: Invalid extension permission: about:reader*

(firefox:13656): Gtk-WARNING **: 12:43:13.173: Theme directory 48/mimetypes of theme Qogir-dark has no size field

1566884594640	Marionette	INFO	Listening on port 36183
1566884594771	Marionette	WARN	TLS certificate errors will be ignored for this session
1566884614207	Marionette	INFO	Stopped listening on port 36183
JavaScript error: resource://gre/modules/WebProgressChild.jsm, line 61: TypeError: this.mm.content is null
JavaScript error: https://www.googletagmanager.com/gtm.js?id=GTM-PGK3SGV, line 184: NS_ERROR_NOT_INITIALIZED: 
JavaScript error: https://ajax.cloudflare.com/cdn-cgi/scripts/95c75768/cloudflare-static/rocket-loader.min.js, line 1: uncaught exception: TagError: adsbygoogle.push() error: Page-level tag does not work inside iframes.
JavaScript error: https://cloud-assets-y.sindonews.net/metro/2015/js/metrodesktop.min.js, line 3: TypeError: c is undefined
JavaScript error: https://ajax.cloudflare.com/cdn-cgi/scripts/95c75768/cloudflare-static/rocket-loader.min.js, line 1: NS_ERROR_NOT_INITIALIZED: 
[Parent 13656, Gecko_IOThread] WARNING: pipe error (135): Connection reset by peer: file /build/firefox-6m4fHv/firefox-66.0.3+build1/ipc/chromium/src/chrome/common/ipc_channel_posix.cc, line 357
1566884757214	mozrunner::runner	INFO	Running command: "/usr/bin/firefox" "-marionette" "-foreground" "-no-remote" "-profile" "/tmp/rust_mozprofile.2fWXxcCTg3NT"
1566884757648	addons.webextension.screenshots@mozilla.org	WARN	Loading extension 'screenshots@mozilla.org': Reading manifest: Invalid extension permission: mozillaAddons
1566884757649	addons.webextension.screenshots@mozilla.org	WARN	Loading extension 'screenshots@mozilla.org': Reading manifest: Invalid extension permission: resource://pdf.js/
1566884757649	addons.webextension.screenshots@mozilla.org	WARN	Loading extension 'screenshots@mozilla.org': Reading manifest: Invalid extension permission: about:reader*

(firefox:14189): Gtk-WARNING **: 12:45:57.930: Theme directory 48/mimetypes of theme Qogir-dark has no size field

1566884759410	Marionette	INFO	Listening on port 39177
1566884759425	Marionette	WARN	TLS certificate errors will be ignored for this session
1566884784868	Marionette	INFO	Stopped listening on port 39177
console.error: BroadcastService: 
  receivedBroadcastMessage: handler for
  remote-settings/monitor_changes
  threw error:
  Message: Error: Polling for changes failed: NetworkError when attempting to fetch resource..
  Stack:
    remoteSettingsFunction/remoteSettings.pollChanges@resource://services-settings/remote-settings.js:190:13
observe@resource://gre/modules/AsyncShutdown.jsm:533:9
GeckoDriver.prototype.quit@chrome://marionette/content/driver.js:3358:3
despatch@chrome://marionette/content/server.js:290:20
execute@chrome://marionette/content/server.js:263:11
onPacket/<@chrome://marionette/content/server.js:236:15
onPacket@chrome://marionette/content/server.js:235:8
_onJSONObjectReady/<@chrome://marionette/content/transport.js:493:9

[Child 14351, Chrome_ChildThread] WARNING: pipe error (3): Connection reset by peer: file /build/firefox-6m4fHv/firefox-66.0.3+build1/ipc/chromium/src/chrome/common/ipc_channel_posix.cc, line 357
1566884834714	mozrunner::runner	INFO	Running command: "/usr/bin/firefox" "-marionette" "-foreground" "-no-remote" "-profile" "/tmp/rust_mozprofile.oRkNelQqw0ku"
1566884835135	addons.webextension.screenshots@mozilla.org	WARN	Loading extension 'screenshots@mozilla.org': Reading manifest: Invalid extension permission: mozillaAddons
1566884835136	addons.webextension.screenshots@mozilla.org	WARN	Loading extension 'screenshots@mozilla.org': Reading manifest: Invalid extension permission: resource://pdf.js/
1566884835136	addons.webextension.screenshots@mozilla.org	WARN	Loading extension 'screenshots@mozilla.org': Reading manifest: Invalid extension permission: about:reader*

(firefox:14567): Gtk-WARNING **: 12:47:15.409: Theme directory 48/mimetypes of theme Qogir-dark has no size field

1566884836853	Marionette	INFO	Listening on port 33659
1566884836951	Marionette	WARN	TLS certificate errors will be ignored for this session
1566884854473	Marionette	INFO	Stopped listening on port 33659
JavaScript error: resource://gre/modules/WebProgressChild.jsm, line 61: TypeError: this.mm.content is null

###!!! [Child][RunMessage] Error: Channel closing: too late to send/recv, messages will be lost


###!!! [Child][RunMessage] Error: Channel closing: too late to send/recv, messages will be lost


###!!! [Child][RunMessage] Error: Channel closing: too late to send/recv, messages will be lost


###!!! [Child][RunMessage] Error: Channel closing: too late to send/recv, messages will be lost


###!!! [Child][RunMessage] Error: Channel closing: too late to send/recv, messages will be lost


###!!! [Child][RunMessage] Error: Channel closing: too late to send/recv, messages will be lost


###!!! [Child][RunMessage] Error: Channel closing: too late to send/recv, messages will be lost


###!!! [Child][RunMessage] Error: Channel closing: too late to send/recv, messages will be lost

1566884885198	mozrunner::runner	INFO	Running command: "/usr/bin/firefox" "-marionette" "-foreground" "-no-remote" "-profile" "/tmp/rust_mozprofile.nrnTiUgnqHbf"
1566884885609	addons.webextension.screenshots@mozilla.org	WARN	Loading extension 'screenshots@mozilla.org': Reading manifest: Invalid extension permission: mozillaAddons
1566884885609	addons.webextension.screenshots@mozilla.org	WARN	Loading extension 'screenshots@mozilla.org': Reading manifest: Invalid extension permission: resource://pdf.js/
1566884885610	addons.webextension.screenshots@mozilla.org	WARN	Loading extension 'screenshots@mozilla.org': Reading manifest: Invalid extension permission: about:reader*

(firefox:14900): Gtk-WARNING **: 12:48:05.892: Theme directory 48/mimetypes of theme Qogir-dark has no size field

1566884887444	Marionette	INFO	Listening on port 41429
1566884887511	Marionette	WARN	TLS certificate errors will be ignored for this session
Attempting load of libEGL.so
1566884923076	Marionette	INFO	Stopped listening on port 41429

###!!! [Child][MessageChannel] Error: (msgtype=0x5F0029,name=PNecko::Msg_RemoveRequestContext) Channel closing: too late to send/recv, messages will be lost


###!!! [Child][RunMessage] Error: Channel closing: too late to send/recv, messages will be lost


###!!! [Child][RunMessage] Error: Channel closing: too late to send/recv, messages will be lost


###!!! [Child][RunMessage] Error: Channel closing: too late to send/recv, messages will be lost


###!!! [Child][RunMessage] Error: Channel closing: too late to send/recv, messages will be lost

1566884988609	mozrunner::runner	INFO	Running command: "/usr/bin/firefox" "-marionette" "-foreground" "-no-remote" "-profile" "/tmp/rust_mozprofile.9CsZlAWpkUag"
1566884989047	addons.webextension.screenshots@mozilla.org	WARN	Loading extension 'screenshots@mozilla.org': Reading manifest: Invalid extension permission: mozillaAddons
1566884989047	addons.webextension.screenshots@mozilla.org	WARN	Loading extension 'screenshots@mozilla.org': Reading manifest: Invalid extension permission: resource://pdf.js/
1566884989047	addons.webextension.screenshots@mozilla.org	WARN	Loading extension 'screenshots@mozilla.org': Reading manifest: Invalid extension permission: about:reader*

(firefox:15527): Gtk-WARNING **: 12:49:49.303: Theme directory 48/mimetypes of theme Qogir-dark has no size field

1566884990743	Marionette	INFO	Listening on port 38957
1566884990816	Marionette	WARN	TLS certificate errors will be ignored for this session
1566885012699	Marionette	INFO	Stopped listening on port 38957
JavaScript error: https://www.googletagmanager.com/gtm.js?id=GTM-PGK3SGV, line 184: NS_ERROR_NOT_INITIALIZED: 
JavaScript error: https://ajax.cloudflare.com/cdn-cgi/scripts/95c75768/cloudflare-static/rocket-loader.min.js, line 1: uncaught exception: TagError: adsbygoogle.push() error: Page-level tag does not work inside iframes.
JavaScript error: https://cloud-assets-y.sindonews.net/metro/2015/js/metrodesktop.min.js, line 3: TypeError: c is undefined
JavaScript error: https://ajax.cloudflare.com/cdn-cgi/scripts/95c75768/cloudflare-static/rocket-loader.min.js, line 1: NS_ERROR_NOT_INITIALIZED: 
[Child 15699, Chrome_ChildThread] WARNING: pipe error: Broken pipe: file /build/firefox-6m4fHv/firefox-66.0.3+build1/ipc/chromium/src/chrome/common/ipc_channel_posix.cc, line 726
[Child 15699, Chrome_ChildThread] WARNING: pipe error: Broken pipe: file /build/firefox-6m4fHv/firefox-66.0.3+build1/ipc/chromium/src/chrome/common/ipc_channel_posix.cc, line 726
[Child 15699, Chrome_ChildThread] WARNING: pipe error: Broken pipe: file /build/firefox-6m4fHv/firefox-66.0.3+build1/ipc/chromium/src/chrome/common/ipc_channel_posix.cc, line 726
[Child 15699, Chrome_ChildThread] WARNING: pipe error: Broken pipe: file /build/firefox-6m4fHv/firefox-66.0.3+build1/ipc/chromium/src/chrome/common/ipc_channel_posix.cc, line 726
[Child 15699, Chrome_ChildThread] WARNING: pipe error: Broken pipe: file /build/firefox-6m4fHv/firefox-66.0.3+build1/ipc/chromium/src/chrome/common/ipc_channel_posix.cc, line 726
[Child 15699, Chrome_ChildThread] WARNING: pipe error: Broken pipe: file /build/firefox-6m4fHv/firefox-66.0.3+build1/ipc/chromium/src/chrome/common/ipc_channel_posix.cc, line 726
[Child 15699, Chrome_ChildThread] WARNING: pipe error: Broken pipe: file /build/firefox-6m4fHv/firefox-66.0.3+build1/ipc/chromium/src/chrome/common/ipc_channel_posix.cc, line 726
[Child 15699, Chrome_ChildThread] WARNING: pipe error: Broken pipe: file /build/firefox-6m4fHv/firefox-66.0.3+build1/ipc/chromium/src/chrome/common/ipc_channel_posix.cc, line 726
[Child 15699, Chrome_ChildThread] WARNING: pipe error: Broken pipe: file /build/firefox-6m4fHv/firefox-66.0.3+build1/ipc/chromium/src/chrome/common/ipc_channel_posix.cc, line 726
[Child 15699, Chrome_ChildThread] WARNING: pipe error: Broken pipe: file /build/firefox-6m4fHv/firefox-66.0.3+build1/ipc/chromium/src/chrome/common/ipc_channel_posix.cc, line 726
[Child 15699, Chrome_ChildThread] WARNING: pipe error: Broken pipe: file /build/firefox-6m4fHv/firefox-66.0.3+build1/ipc/chromium/src/chrome/common/ipc_channel_posix.cc, line 726
[Child 15699, Chrome_ChildThread] WARNING: pipe error: Broken pipe: file /build/firefox-6m4fHv/firefox-66.0.3+build1/ipc/chromium/src/chrome/common/ipc_channel_posix.cc, line 726
[Child 15699, Chrome_ChildThread] WARNING: pipe error: Broken pipe: file /build/firefox-6m4fHv/firefox-66.0.3+build1/ipc/chromium/src/chrome/common/ipc_channel_posix.cc, line 726
[Child 15699, Chrome_ChildThread] WARNING: pipe error: Broken pipe: file /build/firefox-6m4fHv/firefox-66.0.3+build1/ipc/chromium/src/chrome/common/ipc_channel_posix.cc, line 726
[Child 15699, Chrome_ChildThread] WARNING: pipe error: Broken pipe: file /build/firefox-6m4fHv/firefox-66.0.3+build1/ipc/chromium/src/chrome/common/ipc_channel_posix.cc, line 726
[Parent 15527, Gecko_IOThread] WARNING: pipe error (122): Connection reset by peer: file /build/firefox-6m4fHv/firefox-66.0.3+build1/ipc/chromium/src/chrome/common/ipc_channel_posix.cc, line 357
1566885057053	mozrunner::runner	INFO	Running command: "/usr/bin/firefox" "-marionette" "-foreground" "-no-remote" "-profile" "/tmp/rust_mozprofile.9xcF5bLrKsin"
1566885057454	addons.webextension.screenshots@mozilla.org	WARN	Loading extension 'screenshots@mozilla.org': Reading manifest: Invalid extension permission: mozillaAddons
1566885057454	addons.webextension.screenshots@mozilla.org	WARN	Loading extension 'screenshots@mozilla.org': Reading manifest: Invalid extension permission: resource://pdf.js/
1566885057454	addons.webextension.screenshots@mozilla.org	WARN	Loading extension 'screenshots@mozilla.org': Reading manifest: Invalid extension permission: about:reader*

(firefox:15992): Gtk-WARNING **: 12:50:57.715: Theme directory 48/mimetypes of theme Qogir-dark has no size field

1566885059192	Marionette	INFO	Listening on port 36873
1566885059298	Marionette	WARN	TLS certificate errors will be ignored for this session
1566885076789	Marionette	INFO	Stopped listening on port 36873
JavaScript error: resource://gre/modules/WebProgressChild.jsm, line 61: TypeError: this.mm.content is null
JavaScript error: https://cloud-assets.sindonews.net/mobile/2016/js/postscribe.min.js, line 10: Error: remote script failed https://c.fqtag.com/tag/implement-r.js?org=EHJCBJHzBd4DM1jx2bjz&p=23803&a=166059&cmp=1260699&fmt=banner&rd=https%3a%2f%2fmetro.sindonews.com%2fread%2f1431906%2f170%2fbmkg-keluarkan-peringatan-dini-kekeringan-di-wilayah-dki-dan-banten-1566360476&rt=display&sl=1&fq=1&ad=${GENIEE_DELIVERY_FRAME_ID}

###!!! [Child][MessageChannel] Error: (msgtype=0x52000E,name=PHttpChannel::Msg_DeletingChannel) Channel closing: too late to send/recv, messages will be lost


###!!! [Child][RunMessage] Error: Channel closing: too late to send/recv, messages will be lost


###!!! [Child][RunMessage] Error: Channel closing: too late to send/recv, messages will be lost


###!!! [Child][RunMessage] Error: Channel closing: too late to send/recv, messages will be lost


###!!! [Child][RunMessage] Error: Channel closing: too late to send/recv, messages will be lost


###!!! [Child][RunMessage] Error: Channel closing: too late to send/recv, messages will be lost


###!!! [Child][RunMessage] Error: Channel closing: too late to send/recv, messages will be lost

1566885101090	mozrunner::runner	INFO	Running command: "/usr/bin/firefox" "-marionette" "-foreground" "-no-remote" "-profile" "/tmp/rust_mozprofile.U9gvQyOrhQKr"
1566885101493	addons.webextension.screenshots@mozilla.org	WARN	Loading extension 'screenshots@mozilla.org': Reading manifest: Invalid extension permission: mozillaAddons
1566885101493	addons.webextension.screenshots@mozilla.org	WARN	Loading extension 'screenshots@mozilla.org': Reading manifest: Invalid extension permission: resource://pdf.js/
1566885101494	addons.webextension.screenshots@mozilla.org	WARN	Loading extension 'screenshots@mozilla.org': Reading manifest: Invalid extension permission: about:reader*

(firefox:16387): Gtk-WARNING **: 12:51:41.767: Theme directory 48/mimetypes of theme Qogir-dark has no size field

1566885103345	Marionette	INFO	Listening on port 40979
1566885103412	Marionette	WARN	TLS certificate errors will be ignored for this session
1566885145997	Marionette	INFO	Stopped listening on port 40979
[Parent 16387, Gecko_IOThread] WARNING: pipe error (78): Connection reset by peer: file /build/firefox-6m4fHv/firefox-66.0.3+build1/ipc/chromium/src/chrome/common/ipc_channel_posix.cc, line 357
[Parent 16387, Gecko_IOThread] WARNING: pipe error (120): Connection reset by peer: file /build/firefox-6m4fHv/firefox-66.0.3+build1/ipc/chromium/src/chrome/common/ipc_channel_posix.cc, line 357
1566885194252	mozrunner::runner	INFO	Running command: "/usr/bin/firefox" "-marionette" "-foreground" "-no-remote" "-profile" "/tmp/rust_mozprofile.FDjfPZmZCekK"
1566885194664	addons.webextension.screenshots@mozilla.org	WARN	Loading extension 'screenshots@mozilla.org': Reading manifest: Invalid extension permission: mozillaAddons
1566885194664	addons.webextension.screenshots@mozilla.org	WARN	Loading extension 'screenshots@mozilla.org': Reading manifest: Invalid extension permission: resource://pdf.js/
1566885194664	addons.webextension.screenshots@mozilla.org	WARN	Loading extension 'screenshots@mozilla.org': Reading manifest: Invalid extension permission: about:reader*

(firefox:16930): Gtk-WARNING **: 12:53:14.932: Theme directory 48/mimetypes of theme Qogir-dark has no size field

1566885196367	Marionette	INFO	Listening on port 39215
1566885196466	Marionette	WARN	TLS certificate errors will be ignored for this session
JavaScript error: https://news.detik.com/berita/d-4675794/bmkg-keluarkan-peringatan-dini-kekeringan-untuk-jakarta-dan-banten, line 787: TypeError: $(...).attrchange is not a function
console.error: BroadcastService: 
  receivedBroadcastMessage: handler for
  remote-settings/monitor_changes
  threw error:
  Message: Error: Polling for changes failed: NetworkError when attempting to fetch resource..
  Stack:
    remoteSettingsFunction/remoteSettings.pollChanges@resource://services-settings/remote-settings.js:190:13

1566885281047	Marionette	INFO	Stopped listening on port 39215
[Parent 16930, Gecko_IOThread] WARNING: pipe error (70): Connection reset by peer: file /build/firefox-6m4fHv/firefox-66.0.3+build1/ipc/chromium/src/chrome/common/ipc_channel_posix.cc, line 357

###!!! [Child][RunMessage] Error: Channel closing: too late to send/recv, messages will be lost


###!!! [Child][RunMessage] Error: Channel closing: too late to send/recv, messages will be lost


###!!! [Child][RunMessage] Error: Channel closing: too late to send/recv, messages will be lost


###!!! [Child][RunMessage] Error: Channel closing: too late to send/recv, messages will be lost


###!!! [Child][RunMessage] Error: Channel closing: too late to send/recv, messages will be lost


###!!! [Child][RunMessage] Error: Channel closing: too late to send/recv, messages will be lost


###!!! [Child][RunMessage] Error: Channel closing: too late to send/recv, messages will be lost


###!!! [Child][RunMessage] Error: Channel closing: too late to send/recv, messages will be lost


###!!! [Child][RunMessage] Error: Channel closing: too late to send/recv, messages will be lost

1566885386897	mozrunner::runner	INFO	Running command: "/usr/bin/firefox" "-marionette" "-foreground" "-no-remote" "-profile" "/tmp/rust_mozprofile.gUm4I4ruVCyO"
1566885387296	addons.webextension.screenshots@mozilla.org	WARN	Loading extension 'screenshots@mozilla.org': Reading manifest: Invalid extension permission: mozillaAddons
1566885387296	addons.webextension.screenshots@mozilla.org	WARN	Loading extension 'screenshots@mozilla.org': Reading manifest: Invalid extension permission: resource://pdf.js/
1566885387296	addons.webextension.screenshots@mozilla.org	WARN	Loading extension 'screenshots@mozilla.org': Reading manifest: Invalid extension permission: about:reader*

(firefox:17563): Gtk-WARNING **: 12:56:27.558: Theme directory 48/mimetypes of theme Qogir-dark has no size field

1566885389157	Marionette	INFO	Listening on port 40115
1566885389213	Marionette	WARN	TLS certificate errors will be ignored for this session
JavaScript error: https://news.detik.com/berita/d-4675794/bmkg-keluarkan-peringatan-dini-kekeringan-untuk-jakarta-dan-banten, line 817: TypeError: $(...).attrchange is not a function
console.error: BroadcastService: 
  receivedBroadcastMessage: handler for
  remote-settings/monitor_changes
  threw error:
  Message: Error: Polling for changes failed: NetworkError when attempting to fetch resource..
  Stack:
    remoteSettingsFunction/remoteSettings.pollChanges@resource://services-settings/remote-settings.js:190:13

1566885433359	Marionette	INFO	Stopped listening on port 40115
1566885529609	mozrunner::runner	INFO	Running command: "/usr/bin/firefox" "-marionette" "-foreground" "-no-remote" "-profile" "/tmp/rust_mozprofile.ekNerSr7KtCd"
1566885530026	addons.webextension.screenshots@mozilla.org	WARN	Loading extension 'screenshots@mozilla.org': Reading manifest: Invalid extension permission: mozillaAddons
1566885530026	addons.webextension.screenshots@mozilla.org	WARN	Loading extension 'screenshots@mozilla.org': Reading manifest: Invalid extension permission: resource://pdf.js/
1566885530026	addons.webextension.screenshots@mozilla.org	WARN	Loading extension 'screenshots@mozilla.org': Reading manifest: Invalid extension permission: about:reader*

(firefox:18148): Gtk-WARNING **: 12:58:50.294: Theme directory 48/mimetypes of theme Qogir-dark has no size field

1566885531760	Marionette	INFO	Listening on port 35673
1566885531846	Marionette	WARN	TLS certificate errors will be ignored for this session
1566885561532	Marionette	INFO	Stopped listening on port 35673
[Parent 18148, Gecko_IOThread] WARNING: pipe error (78): Connection reset by peer: file /build/firefox-6m4fHv/firefox-66.0.3+build1/ipc/chromium/src/chrome/common/ipc_channel_posix.cc, line 357
IPDL protocol error: Handler returned error code!

###!!! [Parent][DispatchAsyncMessage] Error: PLayerTransaction::Msg_ReleaseLayer Processing error: message was deserialized, but the handler returned false (indicating failure)

1566886140038	mozrunner::runner	INFO	Running command: "/usr/bin/firefox" "-marionette" "-foreground" "-no-remote" "-profile" "/tmp/rust_mozprofile.xbGKUHqWYScm"
1566886140472	addons.webextension.screenshots@mozilla.org	WARN	Loading extension 'screenshots@mozilla.org': Reading manifest: Invalid extension permission: mozillaAddons
1566886140473	addons.webextension.screenshots@mozilla.org	WARN	Loading extension 'screenshots@mozilla.org': Reading manifest: Invalid extension permission: resource://pdf.js/
1566886140473	addons.webextension.screenshots@mozilla.org	WARN	Loading extension 'screenshots@mozilla.org': Reading manifest: Invalid extension permission: about:reader*

(firefox:19783): Gtk-WARNING **: 13:09:00.751: Theme directory 48/mimetypes of theme Qogir-dark has no size field

1566886142320	Marionette	INFO	Listening on port 45057
1566886142353	Marionette	WARN	TLS certificate errors will be ignored for this session
console.error: BroadcastService: 
  receivedBroadcastMessage: handler for
  remote-settings/monitor_changes
  threw error:
  Message: Error: Polling for changes failed: NetworkError when attempting to fetch resource..
  Stack:
    remoteSettingsFunction/remoteSettings.pollChanges@resource://services-settings/remote-settings.js:190:13

[Parent 19783, Gecko_IOThread] WARNING: pipe error (95): Connection reset by peer: file /build/firefox-6m4fHv/firefox-66.0.3+build1/ipc/chromium/src/chrome/common/ipc_channel_posix.cc, line 357
1566886205937	Marionette	INFO	Stopped listening on port 45057
1566886210504	mozrunner::runner	INFO	Running command: "/usr/bin/firefox" "-marionette" "-foreground" "-no-remote" "-profile" "/tmp/rust_mozprofile.UJ3atlkG2cU1"
1566886210904	addons.webextension.screenshots@mozilla.org	WARN	Loading extension 'screenshots@mozilla.org': Reading manifest: Invalid extension permission: mozillaAddons
1566886210904	addons.webextension.screenshots@mozilla.org	WARN	Loading extension 'screenshots@mozilla.org': Reading manifest: Invalid extension permission: resource://pdf.js/
1566886210904	addons.webextension.screenshots@mozilla.org	WARN	Loading extension 'screenshots@mozilla.org': Reading manifest: Invalid extension permission: about:reader*

(firefox:20229): Gtk-WARNING **: 13:10:11.171: Theme directory 48/mimetypes of theme Qogir-dark has no size field

1566886212631	Marionette	INFO	Listening on port 38017
1566886212722	Marionette	WARN	TLS certificate errors will be ignored for this session
1566886241643	Marionette	INFO	Stopped listening on port 38017
[Parent 20229, Gecko_IOThread] WARNING: pipe error (70): Connection reset by peer: file /build/firefox-6m4fHv/firefox-66.0.3+build1/ipc/chromium/src/chrome/common/ipc_channel_posix.cc, line 357
1566886459831	mozrunner::runner	INFO	Running command: "/usr/bin/firefox" "-marionette" "-foreground" "-no-remote" "-profile" "/tmp/rust_mozprofile.fWDDalQZPAlu"
1566886460240	addons.webextension.screenshots@mozilla.org	WARN	Loading extension 'screenshots@mozilla.org': Reading manifest: Invalid extension permission: mozillaAddons
1566886460241	addons.webextension.screenshots@mozilla.org	WARN	Loading extension 'screenshots@mozilla.org': Reading manifest: Invalid extension permission: resource://pdf.js/
1566886460241	addons.webextension.screenshots@mozilla.org	WARN	Loading extension 'screenshots@mozilla.org': Reading manifest: Invalid extension permission: about:reader*

(firefox:21534): Gtk-WARNING **: 13:14:20.521: Theme directory 48/mimetypes of theme Qogir-dark has no size field

1566886461884	Marionette	INFO	Listening on port 42859
1566886461945	Marionette	WARN	TLS certificate errors will be ignored for this session
JavaScript error: https://googleads.g.doubleclick.net/pagead/ads?client=ca-pub-6314168058065736&output=html&h=250&slotname=IP_detik.com_PT_300x250_Desktop_HU_L1&adk=1983417313&adf=1286376068&w=300&guci=2.2.0.0.2.2.0.0&url=https%3A%2F%2Fwww.detik.com%2F&ea=0&flash=0&wgl=1&adsid=ChAI8IaO6wUQoo6Wi_eU6oFWEi8AK4lHKjZ-cTXfs3liENVyVtmktfxPnI1ZcsqgU7gyFsdj-kB1yr7-aIgX71nSOw&dt=1566886487612&bpp=115&bdt=1162&fdt=1675&idt=1677&shv=r20190821&cbv=r20190131&saldr=sa&correlator=456673685586&frm=23&ife=4&pv=2&ga_vid=1197840107.1566886477&ga_sid=1566886489&ga_hid=60091300&ga_fc=0&icsg=682&nhd=2&dssz=12&mdo=0&mso=0&u_tz=420&u_his=3&u_java=0&u_h=720&u_w=1080&u_ah=720&u_aw=1080&u_cd=24&u_nplug=0&u_nmime=0&adx=140&ady=1690&biw=1068&bih=614&isw=300&ish=250&ifk=120810192&scr_x=0&scr_y=0&eid=20199335%2C151527024%2C151527224%2C20040010&oid=3&ref=https%3A%2F%2Fwww.google.com%2F&loc=EMPTY&top=https%3A%2F%2Ffinance.detik.com%2Fproperti%2Fd-4681152%2Fresmi-jokowi-putuskan-ibu-kota-ri-pindah-ke-kaltim&rx=0&eae=2&fc=656&brdim=0%2C1100%2C0%2C1100%2C1080%2C1080%2C1080%2C700%2C300%2C250&vis=1&rsz=%7C%7CeEbr%7C&abl=CS&pfx=0&fu=20&bc=29&jar=2019-08-27-06&ifi=1&uci=1.83fwh11lwsno&dtd=1767, line 17: SyntaxError: expected expression, got '%'
console.error: BroadcastService: 
  receivedBroadcastMessage: handler for
  remote-settings/monitor_changes
  threw error:
  Message: Error: Polling for changes failed: NetworkError when attempting to fetch resource..
  Stack:
    remoteSettingsFunction/remoteSettings.pollChanges@resource://services-settings/remote-settings.js:190:13

1566886502608	Marionette	INFO	Stopped listening on port 42859
1566886667180	mozrunner::runner	INFO	Running command: "/usr/bin/firefox" "-marionette" "-foreground" "-no-remote" "-profile" "/tmp/rust_mozprofile.zJdeSJPUFm2W"
1566886667676	addons.webextension.screenshots@mozilla.org	WARN	Loading extension 'screenshots@mozilla.org': Reading manifest: Invalid extension permission: mozillaAddons
1566886667676	addons.webextension.screenshots@mozilla.org	WARN	Loading extension 'screenshots@mozilla.org': Reading manifest: Invalid extension permission: resource://pdf.js/
1566886667677	addons.webextension.screenshots@mozilla.org	WARN	Loading extension 'screenshots@mozilla.org': Reading manifest: Invalid extension permission: about:reader*

(firefox:22291): Gtk-WARNING **: 13:17:47.978: Theme directory 48/mimetypes of theme Qogir-dark has no size field

1566886669431	Marionette	INFO	Listening on port 44511
1566886669511	Marionette	WARN	TLS certificate errors will be ignored for this session
1566886701945	Marionette	INFO	Stopped listening on port 44511
[Parent 22291, Gecko_IOThread] WARNING: pipe error (70): Connection reset by peer: file /build/firefox-6m4fHv/firefox-66.0.3+build1/ipc/chromium/src/chrome/common/ipc_channel_posix.cc, line 357
1566886780076	mozrunner::runner	INFO	Running command: "/usr/bin/firefox" "-marionette" "-foreground" "-no-remote" "-profile" "/tmp/rust_mozprofile.TqZH3BkhVYiD"
1566886780481	addons.webextension.screenshots@mozilla.org	WARN	Loading extension 'screenshots@mozilla.org': Reading manifest: Invalid extension permission: mozillaAddons
1566886780482	addons.webextension.screenshots@mozilla.org	WARN	Loading extension 'screenshots@mozilla.org': Reading manifest: Invalid extension permission: resource://pdf.js/
1566886780482	addons.webextension.screenshots@mozilla.org	WARN	Loading extension 'screenshots@mozilla.org': Reading manifest: Invalid extension permission: about:reader*

(firefox:22909): Gtk-WARNING **: 13:19:40.763: Theme directory 48/mimetypes of theme Qogir-dark has no size field

1566886782231	Marionette	INFO	Listening on port 42181
1566886782290	Marionette	WARN	TLS certificate errors will be ignored for this session
JavaScript error: https://googleads.g.doubleclick.net/pagead/ads?client=ca-pub-1069807429700092&output=html&h=1186&slotname=5846319018&adk=2491311792&adf=4230528609&w=160&cr_col=1&cr_row=7&lmt=1566885827&rafmt=9&guci=2.2.0.0.2.2.0.0&format=160x1186&url=https%3A%2F%2Fmetro.sindonews.com%2Fread%2F1431906%2F170%2Fbmkg-keluarkan-peringatan-dini-kekeringan-di-wilayah-dki-dan-banten-1566360476&flash=0&crui=pub_control_image_card_stacked&wgl=1&adsid=ChAI8IaO6wUQoo6Wi_eU6oFWEi8AK4lHKpk_3hCedTirTaESBgrk8rDnhgOH43O8vJsaw8j5M4X853TSbOZ5npOOdQ&dt=1566886796685&bpp=14&bdt=4839&fdt=2015&idt=2015&shv=r20190821&cbv=r20190131&saldr=aa&abxe=1&correlator=6258723330260&frm=20&pv=2&ga_vid=1557267901.1566886795&ga_sid=1566886797&ga_hid=1114855345&ga_fc=0&icsg=42949804712&dssz=36&mdo=0&mso=0&u_tz=420&u_his=3&u_java=0&u_h=720&u_w=1080&u_ah=720&u_aw=1080&u_cd=24&u_nplug=0&u_nmime=0&adx=10&ady=2921&biw=1068&bih=614&scr_x=0&scr_y=0&eid=229739147%2C229739149%2C368226201%2C410075105%2C20040010&oid=3&ref=https%3A%2F%2Fwww.google.com%2F&rx=0&eae=0&fc=656&brdim=0%2C1100%2C0%2C1100%2C1080%2C1080%2C1080%2C700%2C1080%2C626&vis=1&rsz=o%7Co%7CeEbr%7C&abl=NS&pfx=0&fu=1168&bc=29&jar=2019-08-27-06&ifi=1&uci=a!1&xpc=F85fGB46JV&p=https%3A//metro.sindonews.com&dtd=2049, line 1: SyntaxError: expected expression, got '%'
1566886805339	Marionette	INFO	Stopped listening on port 42181
[Parent 22909, Gecko_IOThread] WARNING: pipe error (78): Connection reset by peer: file /build/firefox-6m4fHv/firefox-66.0.3+build1/ipc/chromium/src/chrome/common/ipc_channel_posix.cc, line 357
JavaScript error: resource://gre/modules/WebProgressChild.jsm, line 61: TypeError: this.mm.content is null
JavaScript error: https://www.googletagmanager.com/gtm.js?id=GTM-PGK3SGV, line 184: NS_ERROR_NOT_INITIALIZED: 
JavaScript error: https://ajax.cloudflare.com/cdn-cgi/scripts/95c75768/cloudflare-static/rocket-loader.min.js, line 1: uncaught exception: TagError: adsbygoogle.push() error: Page-level tag does not work inside iframes.
JavaScript error: https://cloud-assets-y.sindonews.net/metro/2015/js/metrodesktop.min.js, line 3: TypeError: c is undefined
JavaScript error: https://ajax.cloudflare.com/cdn-cgi/scripts/95c75768/cloudflare-static/rocket-loader.min.js, line 1: NS_ERROR_NOT_INITIALIZED: 

###!!! [Child][MessageChannel] Error: (msgtype=0x5F0029,name=PNecko::Msg_RemoveRequestContext) Channel closing: too late to send/recv, messages will be lost


###!!! [Child][MessageChannel] Error: (msgtype=0x3500BB,name=PContent::Msg_ScriptError) Channel closing: too late to send/recv, messages will be lost


###!!! [Child][RunMessage] Error: Channel closing: too late to send/recv, messages will be lost


###!!! [Child][MessageChannel] Error: (msgtype=0x3500BB,name=PContent::Msg_ScriptError) Channel closing: too late to send/recv, messages will be lost


###!!! [Child][RunMessage] Error: Channel closing: too late to send/recv, messages will be lost


###!!! [Child][RunMessage] Error: Channel closing: too late to send/recv, messages will be lost


###!!! [Child][RunMessage] Error: Channel closing: too late to send/recv, messages will be lost


###!!! [Child][RunMessage] Error: Channel closing: too late to send/recv, messages will be lost


###!!! [Child][RunMessage] Error: Channel closing: too late to send/recv, messages will be lost


###!!! [Child][RunMessage] Error: Channel closing: too late to send/recv, messages will be lost


###!!! [Child][RunMessage] Error: Channel closing: too late to send/recv, messages will be lost


###!!! [Child][RunMessage] Error: Channel closing: too late to send/recv, messages will be lost


###!!! [Child][MessageChannel] Error: (msgtype=0x3500BB,name=PContent::Msg_ScriptError) Channel closing: too late to send/recv, messages will be lost


###!!! [Child][MessageChannel] Error: (msgtype=0x3500BB,name=PContent::Msg_ScriptError) Channel closing: too late to send/recv, messages will be lost


###!!! [Child][RunMessage] Error: Channel closing: too late to send/recv, messages will be lost


###!!! [Child][RunMessage] Error: Channel closing: too late to send/recv, messages will be lost


###!!! [Child][RunMessage] Error: Channel closing: too late to send/recv, messages will be lost


###!!! [Child][MessageChannel] Error: (msgtype=0x3500BB,name=PContent::Msg_ScriptError) Channel closing: too late to send/recv, messages will be lost


###!!! [Child][MessageChannel] Error: (msgtype=0x3500BB,name=PContent::Msg_ScriptError) Channel closing: too late to send/recv, messages will be lost


###!!! [Child][MessageChannel] Error: (msgtype=0x3500BB,name=PContent::Msg_ScriptError) Channel closing: too late to send/recv, messages will be lost


###!!! [Child][MessageChannel] Error: (msgtype=0x3500BB,name=PContent::Msg_ScriptError) Channel closing: too late to send/recv, messages will be lost


###!!! [Child][RunMessage] Error: Channel closing: too late to send/recv, messages will be lost


###!!! [Child][RunMessage] Error: Channel closing: too late to send/recv, messages will be lost


###!!! [Child][RunMessage] Error: Channel closing: too late to send/recv, messages will be lost


###!!! [Child][RunMessage] Error: Channel closing: too late to send/recv, messages will be lost

[Parent 22909, Gecko_IOThread] WARNING: pipe error (122): Connection reset by peer: file /build/firefox-6m4fHv/firefox-66.0.3+build1/ipc/chromium/src/chrome/common/ipc_channel_posix.cc, line 357
1566886828023	mozrunner::runner	INFO	Running command: "/usr/bin/firefox" "-marionette" "-foreground" "-no-remote" "-profile" "/tmp/rust_mozprofile.BCtn0kOxqfmg"
1566886828447	addons.webextension.screenshots@mozilla.org	WARN	Loading extension 'screenshots@mozilla.org': Reading manifest: Invalid extension permission: mozillaAddons
1566886828447	addons.webextension.screenshots@mozilla.org	WARN	Loading extension 'screenshots@mozilla.org': Reading manifest: Invalid extension permission: resource://pdf.js/
1566886828447	addons.webextension.screenshots@mozilla.org	WARN	Loading extension 'screenshots@mozilla.org': Reading manifest: Invalid extension permission: about:reader*

(firefox:23332): Gtk-WARNING **: 13:20:28.760: Theme directory 48/mimetypes of theme Qogir-dark has no size field

1566886830128	Marionette	INFO	Listening on port 40421
1566886830235	Marionette	WARN	TLS certificate errors will be ignored for this session

###!!! [Child][MessageChannel] Error: (msgtype=0x5F0029,name=PNecko::Msg_RemoveRequestContext) Channel closing: too late to send/recv, messages will be lost


###!!! [Child][RunMessage] Error: Channel closing: too late to send/recv, messages will be lost


###!!! [Child][RunMessage] Error: Channel closing: too late to send/recv, messages will be lost

1566886844644	Marionette	INFO	Stopped listening on port 40421
1566886856680	mozrunner::runner	INFO	Running command: "/usr/bin/firefox" "-marionette" "-foreground" "-no-remote" "-profile" "/tmp/rust_mozprofile.xsgMc0QjxeCW"
1566886857099	addons.webextension.screenshots@mozilla.org	WARN	Loading extension 'screenshots@mozilla.org': Reading manifest: Invalid extension permission: mozillaAddons
1566886857100	addons.webextension.screenshots@mozilla.org	WARN	Loading extension 'screenshots@mozilla.org': Reading manifest: Invalid extension permission: resource://pdf.js/
1566886857100	addons.webextension.screenshots@mozilla.org	WARN	Loading extension 'screenshots@mozilla.org': Reading manifest: Invalid extension permission: about:reader*

(firefox:23627): Gtk-WARNING **: 13:20:57.374: Theme directory 48/mimetypes of theme Qogir-dark has no size field

1566886858843	Marionette	INFO	Listening on port 38301
1566886858902	Marionette	WARN	TLS certificate errors will be ignored for this session
Attempting load of libEGL.so
console.error: BroadcastService: 
  receivedBroadcastMessage: handler for
  remote-settings/monitor_changes
  threw error:
  Message: Error: Polling for changes failed: NetworkError when attempting to fetch resource..
  Stack:
    remoteSettingsFunction/remoteSettings.pollChanges@resource://services-settings/remote-settings.js:190:13

1566886898564	Marionette	INFO	Stopped listening on port 38301

###!!! [Child][RunMessage] Error: Channel closing: too late to send/recv, messages will be lost


###!!! [Child][RunMessage] Error: Channel closing: too late to send/recv, messages will be lost

1566886973514	mozrunner::runner	INFO	Running command: "/usr/bin/firefox" "-marionette" "-foreground" "-no-remote" "-profile" "/tmp/rust_mozprofile.0WBkkZE3iHCK"
1566886973928	addons.webextension.screenshots@mozilla.org	WARN	Loading extension 'screenshots@mozilla.org': Reading manifest: Invalid extension permission: mozillaAddons
1566886973928	addons.webextension.screenshots@mozilla.org	WARN	Loading extension 'screenshots@mozilla.org': Reading manifest: Invalid extension permission: resource://pdf.js/
1566886973929	addons.webextension.screenshots@mozilla.org	WARN	Loading extension 'screenshots@mozilla.org': Reading manifest: Invalid extension permission: about:reader*

(firefox:24152): Gtk-WARNING **: 13:22:54.211: Theme directory 48/mimetypes of theme Qogir-dark has no size field

1566886975720	Marionette	INFO	Listening on port 34771
1566886975823	Marionette	WARN	TLS certificate errors will be ignored for this session
JavaScript error: http://anmacool.info/wp-content/plugins/revslider/public/assets/js/extensions/revolution.extension.actions.min.js?ver=5.4.1, line 7: TypeError: _R is undefined
JavaScript error: http://anmacool.info/wp-content/plugins/revslider/public/assets/js/extensions/revolution.extension.layeranimation.min.js?ver=5.4.1, line 7: TypeError: b is undefined
JavaScript error: http://anmacool.info/wp-content/plugins/revslider/public/assets/js/extensions/revolution.extension.navigation.min.js?ver=5.4.1, line 7: TypeError: b is undefined
JavaScript error: http://anmacool.info/wp-content/plugins/revslider/public/assets/js/extensions/revolution.extension.parallax.min.js?ver=5.4.1, line 7: TypeError: b is undefined
JavaScript error: http://anmacool.info/wp-content/plugins/revslider/public/assets/js/extensions/revolution.extension.video.min.js?ver=5.4.1, line 7: TypeError: b is undefined
JavaScript error: , line 0: uncaught exception: TagError: adsbygoogle.push() error: Only one 'enable_page_level_ads' allowed per page.
1566887002076	Marionette	INFO	Stopped listening on port 34771
[Parent 24152, Gecko_IOThread] WARNING: pipe error (72): Connection reset by peer: file /build/firefox-6m4fHv/firefox-66.0.3+build1/ipc/chromium/src/chrome/common/ipc_channel_posix.cc, line 357
1566887015405	mozrunner::runner	INFO	Running command: "/usr/bin/firefox" "-marionette" "-foreground" "-no-remote" "-profile" "/tmp/rust_mozprofile.fWj2KxhgAykG"
1566887015822	addons.webextension.screenshots@mozilla.org	WARN	Loading extension 'screenshots@mozilla.org': Reading manifest: Invalid extension permission: mozillaAddons
1566887015822	addons.webextension.screenshots@mozilla.org	WARN	Loading extension 'screenshots@mozilla.org': Reading manifest: Invalid extension permission: resource://pdf.js/
1566887015822	addons.webextension.screenshots@mozilla.org	WARN	Loading extension 'screenshots@mozilla.org': Reading manifest: Invalid extension permission: about:reader*

(firefox:24496): Gtk-WARNING **: 13:23:36.125: Theme directory 48/mimetypes of theme Qogir-dark has no size field

1566887017504	Marionette	INFO	Listening on port 32841
1566887017520	Marionette	WARN	TLS certificate errors will be ignored for this session
1566887051187	Marionette	INFO	Stopped listening on port 32841

###!!! [Child][RunMessage] Error: Channel closing: too late to send/recv, messages will be lost


###!!! [Child][RunMessage] Error: Channel closing: too late to send/recv, messages will be lost

[Child 24650, Chrome_ChildThread] WARNING: pipe error (3): Connection reset by peer: file /build/firefox-6m4fHv/firefox-66.0.3+build1/ipc/chromium/src/chrome/common/ipc_channel_posix.cc, line 357
[Parent 24496, Gecko_IOThread] WARNING: pipe error (123): Connection reset by peer: file /build/firefox-6m4fHv/firefox-66.0.3+build1/ipc/chromium/src/chrome/common/ipc_channel_posix.cc, line 357
1566887091533	mozrunner::runner	INFO	Running command: "/usr/bin/firefox" "-marionette" "-foreground" "-no-remote" "-profile" "/tmp/rust_mozprofile.vLt29vqhQiAq"
1566887091955	addons.webextension.screenshots@mozilla.org	WARN	Loading extension 'screenshots@mozilla.org': Reading manifest: Invalid extension permission: mozillaAddons
1566887091955	addons.webextension.screenshots@mozilla.org	WARN	Loading extension 'screenshots@mozilla.org': Reading manifest: Invalid extension permission: resource://pdf.js/
1566887091955	addons.webextension.screenshots@mozilla.org	WARN	Loading extension 'screenshots@mozilla.org': Reading manifest: Invalid extension permission: about:reader*

(firefox:24948): Gtk-WARNING **: 13:24:52.243: Theme directory 48/mimetypes of theme Qogir-dark has no size field

1566887093638	Marionette	INFO	Listening on port 34965
1566887093750	Marionette	WARN	TLS certificate errors will be ignored for this session
console.error: BroadcastService: 
  receivedBroadcastMessage: handler for
  remote-settings/monitor_changes
  threw error:
  Message: Error: Polling for changes failed: NetworkError when attempting to fetch resource..
  Stack:
    remoteSettingsFunction/remoteSettings.pollChanges@resource://services-settings/remote-settings.js:190:13


###!!! [Child][RunMessage] Error: Channel closing: too late to send/recv, messages will be lost

[Parent 24948, Gecko_IOThread] WARNING: pipe error (78): Connection reset by peer: file /build/firefox-6m4fHv/firefox-66.0.3+build1/ipc/chromium/src/chrome/common/ipc_channel_posix.cc, line 357
[Parent 24948, Gecko_IOThread] WARNING: pipe error (95): Connection reset by peer: file /build/firefox-6m4fHv/firefox-66.0.3+build1/ipc/chromium/src/chrome/common/ipc_channel_posix.cc, line 357
1566887144215	Marionette	INFO	Stopped listening on port 34965
1566887151407	mozrunner::runner	INFO	Running command: "/usr/bin/firefox" "-marionette" "-foreground" "-no-remote" "-profile" "/tmp/rust_mozprofile.d0jdKjTFtJZ3"
1566887151821	addons.webextension.screenshots@mozilla.org	WARN	Loading extension 'screenshots@mozilla.org': Reading manifest: Invalid extension permission: mozillaAddons
1566887151822	addons.webextension.screenshots@mozilla.org	WARN	Loading extension 'screenshots@mozilla.org': Reading manifest: Invalid extension permission: resource://pdf.js/
1566887151822	addons.webextension.screenshots@mozilla.org	WARN	Loading extension 'screenshots@mozilla.org': Reading manifest: Invalid extension permission: about:reader*

(firefox:25273): Gtk-WARNING **: 13:25:52.088: Theme directory 48/mimetypes of theme Qogir-dark has no size field

1566887154192	Marionette	INFO	Listening on port 41263
1566887154240	Marionette	WARN	TLS certificate errors will be ignored for this session
1566887170702	Marionette	INFO	Stopped listening on port 41263
JavaScript error: resource://gre/modules/WebProgressChild.jsm, line 61: TypeError: this.mm.content is null
1566887201122	mozrunner::runner	INFO	Running command: "/usr/bin/firefox" "-marionette" "-foreground" "-no-remote" "-profile" "/tmp/rust_mozprofile.GDYO3IkN1a8R"
1566887201548	addons.webextension.screenshots@mozilla.org	WARN	Loading extension 'screenshots@mozilla.org': Reading manifest: Invalid extension permission: mozillaAddons
1566887201549	addons.webextension.screenshots@mozilla.org	WARN	Loading extension 'screenshots@mozilla.org': Reading manifest: Invalid extension permission: resource://pdf.js/
1566887201549	addons.webextension.screenshots@mozilla.org	WARN	Loading extension 'screenshots@mozilla.org': Reading manifest: Invalid extension permission: about:reader*

(firefox:25661): Gtk-WARNING **: 13:26:41.830: Theme directory 48/mimetypes of theme Qogir-dark has no size field

1566887203187	Marionette	INFO	Listening on port 41401
1566887203233	Marionette	WARN	TLS certificate errors will be ignored for this session
console.error: BroadcastService: 
  receivedBroadcastMessage: handler for
  remote-settings/monitor_changes
  threw error:
  Message: Error: Polling for changes failed: NetworkError when attempting to fetch resource..
  Stack:
    remoteSettingsFunction/remoteSettings.pollChanges@resource://services-settings/remote-settings.js:190:13

1566887236872	Marionette	INFO	Stopped listening on port 41401
IPDL protocol error: Handler returned error code!

###!!! [Parent][DispatchAsyncMessage] Error: PLayerTransaction::Msg_ReleaseLayer Processing error: message was deserialized, but the handler returned false (indicating failure)

IPDL protocol error: Handler returned error code!

###!!! [Parent][DispatchAsyncMessage] Error: PLayerTransaction::Msg_ReleaseLayer Processing error: message was deserialized, but the handler returned false (indicating failure)

JavaScript error: resource://gre/modules/WebProgressChild.jsm, line 61: TypeError: this.mm.content is null

###!!! [Child][RunMessage] Error: Channel closing: too late to send/recv, messages will be lost

[Child 25815, Chrome_ChildThread] WARNING: pipe error (3): Connection reset by peer: file /build/firefox-6m4fHv/firefox-66.0.3+build1/ipc/chromium/src/chrome/common/ipc_channel_posix.cc, line 357

###!!! [Child][RunMessage] Error: Channel closing: too late to send/recv, messages will be lost


###!!! [Child][RunMessage] Error: Channel closing: too late to send/recv, messages will be lost


###!!! [Child][RunMessage] Error: Channel closing: too late to send/recv, messages will be lost


###!!! [Child][RunMessage] Error: Channel closing: too late to send/recv, messages will be lost


###!!! [Child][RunMessage] Error: Channel closing: too late to send/recv, messages will be lost

1566887485274	mozrunner::runner	INFO	Running command: "/usr/bin/firefox" "-marionette" "-foreground" "-no-remote" "-profile" "/tmp/rust_mozprofile.Y07vbSjsG68r"
1566887485682	addons.webextension.screenshots@mozilla.org	WARN	Loading extension 'screenshots@mozilla.org': Reading manifest: Invalid extension permission: mozillaAddons
1566887485683	addons.webextension.screenshots@mozilla.org	WARN	Loading extension 'screenshots@mozilla.org': Reading manifest: Invalid extension permission: resource://pdf.js/
1566887485683	addons.webextension.screenshots@mozilla.org	WARN	Loading extension 'screenshots@mozilla.org': Reading manifest: Invalid extension permission: about:reader*

(firefox:26481): Gtk-WARNING **: 13:31:25.965: Theme directory 48/mimetypes of theme Qogir-dark has no size field

1566887487438	Marionette	INFO	Listening on port 40431
1566887487487	Marionette	WARN	TLS certificate errors will be ignored for this session
1566887512939	Marionette	INFO	Stopped listening on port 40431

###!!! [Child][MessageChannel] Error: (msgtype=0x52000E,name=PHttpChannel::Msg_DeletingChannel) Channel closing: too late to send/recv, messages will be lost


###!!! [Child][MessageChannel] Error: (msgtype=0x3500BB,name=PContent::Msg_ScriptError) Channel closing: too late to send/recv, messages will be lost


###!!! [Child][MessageChannel] Error: (msgtype=0x3500BB,name=PContent::Msg_ScriptError) Channel closing: too late to send/recv, messages will be lost


###!!! [Child][MessageChannel] Error: (msgtype=0x3500BB,name=PContent::Msg_ScriptError) Channel closing: too late to send/recv, messages will be lost


###!!! [Child][MessageChannel] Error: (msgtype=0x52000E,name=PHttpChannel::Msg_DeletingChannel) Channel closing: too late to send/recv, messages will be lost


###!!! [Child][MessageChannel] Error: (msgtype=0x52000E,name=PHttpChannel::Msg_DeletingChannel) Channel closing: too late to send/recv, messages will be lost


###!!! [Child][MessageChannel] Error: (msgtype=0x52000E,name=PHttpChannel::Msg_DeletingChannel) Channel closing: too late to send/recv, messages will be lost


###!!! [Child][RunMessage] Error: Channel closing: too late to send/recv, messages will be lost


###!!! [Child][RunMessage] Error: Channel closing: too late to send/recv, messages will be lost


###!!! [Child][RunMessage] Error: Channel closing: too late to send/recv, messages will be lost


###!!! [Child][RunMessage] Error: Channel closing: too late to send/recv, messages will be lost


###!!! [Child][RunMessage] Error: Channel closing: too late to send/recv, messages will be lost


###!!! [Child][RunMessage] Error: Channel closing: too late to send/recv, messages will be lost


###!!! [Child][RunMessage] Error: Channel closing: too late to send/recv, messages will be lost


###!!! [Child][RunMessage] Error: Channel closing: too late to send/recv, messages will be lost


###!!! [Child][RunMessage] Error: Channel closing: too late to send/recv, messages will be lost


###!!! [Child][RunMessage] Error: Channel closing: too late to send/recv, messages will be lost


###!!! [Child][RunMessage] Error: Channel closing: too late to send/recv, messages will be lost


###!!! [Child][RunMessage] Error: Channel closing: too late to send/recv, messages will be lost


###!!! [Child][RunMessage] Error: Channel closing: too late to send/recv, messages will be lost


###!!! [Child][RunMessage] Error: Channel closing: too late to send/recv, messages will be lost


###!!! [Child][RunMessage] Error: Channel closing: too late to send/recv, messages will be lost

1566896113208	mozrunner::runner	INFO	Running command: "/usr/bin/firefox" "-marionette" "-foreground" "-no-remote" "-profile" "/tmp/rust_mozprofile.HNI5inqAhdb5"
1566896113924	addons.webextension.screenshots@mozilla.org	WARN	Loading extension 'screenshots@mozilla.org': Reading manifest: Invalid extension permission: mozillaAddons
1566896113925	addons.webextension.screenshots@mozilla.org	WARN	Loading extension 'screenshots@mozilla.org': Reading manifest: Invalid extension permission: resource://pdf.js/
1566896113925	addons.webextension.screenshots@mozilla.org	WARN	Loading extension 'screenshots@mozilla.org': Reading manifest: Invalid extension permission: about:reader*

(firefox:27160): Gtk-WARNING **: 15:55:14.227: Theme directory 48/mimetypes of theme Qogir-dark has no size field

1566896115706	Marionette	INFO	Listening on port 45583
1566896115720	Marionette	WARN	TLS certificate errors will be ignored for this session
1566896145121	Marionette	INFO	Stopped listening on port 45583
[Parent 27160, Gecko_IOThread] WARNING: pipe error (78): Connection reset by peer: file /build/firefox-6m4fHv/firefox-66.0.3+build1/ipc/chromium/src/chrome/common/ipc_channel_posix.cc, line 357
1566970015892	mozrunner::runner	INFO	Running command: "/usr/bin/firefox" "-marionette" "-foreground" "-no-remote" "-profile" "/tmp/rust_mozprofile.ZanGE2jhqQXi"
1566970016567	addons.webextension.screenshots@mozilla.org	WARN	Loading extension 'screenshots@mozilla.org': Reading manifest: Invalid extension permission: mozillaAddons
1566970016568	addons.webextension.screenshots@mozilla.org	WARN	Loading extension 'screenshots@mozilla.org': Reading manifest: Invalid extension permission: resource://pdf.js/
1566970016568	addons.webextension.screenshots@mozilla.org	WARN	Loading extension 'screenshots@mozilla.org': Reading manifest: Invalid extension permission: about:reader*

(firefox:2483): Gtk-WARNING **: 12:26:56.888: Theme directory 48/mimetypes of theme Qogir-dark has no size field

1566970018460	Marionette	INFO	Listening on port 33313
1566970018538	Marionette	WARN	TLS certificate errors will be ignored for this session
Exiting due to channel error.
Exiting due to channel error.
Exiting due to channel error.
1566970062065	mozrunner::runner	INFO	Running command: "/usr/bin/firefox" "-marionette" "-foreground" "-no-remote" "-profile" "/tmp/rust_mozprofile.BhdOpKp3Beqa"
1566970062477	addons.webextension.screenshots@mozilla.org	WARN	Loading extension 'screenshots@mozilla.org': Reading manifest: Invalid extension permission: mozillaAddons
1566970062478	addons.webextension.screenshots@mozilla.org	WARN	Loading extension 'screenshots@mozilla.org': Reading manifest: Invalid extension permission: resource://pdf.js/
1566970062478	addons.webextension.screenshots@mozilla.org	WARN	Loading extension 'screenshots@mozilla.org': Reading manifest: Invalid extension permission: about:reader*

(firefox:2843): Gtk-WARNING **: 12:27:42.730: Theme directory 48/mimetypes of theme Qogir-dark has no size field

1566970064179	Marionette	INFO	Listening on port 46561
1566970064272	Marionette	WARN	TLS certificate errors will be ignored for this session
console.error: BroadcastService: 
  receivedBroadcastMessage: handler for
  remote-settings/monitor_changes
  threw error:
  Message: Error: Polling for changes failed: NetworkError when attempting to fetch resource..
  Stack:
    remoteSettingsFunction/remoteSettings.pollChanges@resource://services-settings/remote-settings.js:190:13

[Parent 2843, Gecko_IOThread] WARNING: pipe error (78): Connection reset by peer: file /build/firefox-6m4fHv/firefox-66.0.3+build1/ipc/chromium/src/chrome/common/ipc_channel_posix.cc, line 357
1566970114187	Marionette	INFO	Stopped listening on port 46561
1566970131900	mozrunner::runner	INFO	Running command: "/usr/bin/firefox" "-marionette" "-foreground" "-no-remote" "-profile" "/tmp/rust_mozprofile.zesytaO31ogo"
1566970132298	addons.webextension.screenshots@mozilla.org	WARN	Loading extension 'screenshots@mozilla.org': Reading manifest: Invalid extension permission: mozillaAddons
1566970132299	addons.webextension.screenshots@mozilla.org	WARN	Loading extension 'screenshots@mozilla.org': Reading manifest: Invalid extension permission: resource://pdf.js/
1566970132299	addons.webextension.screenshots@mozilla.org	WARN	Loading extension 'screenshots@mozilla.org': Reading manifest: Invalid extension permission: about:reader*

(firefox:3219): Gtk-WARNING **: 12:28:52.569: Theme directory 48/mimetypes of theme Qogir-dark has no size field

1566970133949	Marionette	INFO	Listening on port 36109
1566970134025	Marionette	WARN	TLS certificate errors will be ignored for this session
Exiting due to channel error.
Exiting due to channel error.
Exiting due to channel error.
1566970202123	mozrunner::runner	INFO	Running command: "/usr/bin/firefox" "-marionette" "-foreground" "-no-remote" "-profile" "/tmp/rust_mozprofile.w3o33zzzQbCS"
1566970202527	addons.webextension.screenshots@mozilla.org	WARN	Loading extension 'screenshots@mozilla.org': Reading manifest: Invalid extension permission: mozillaAddons
1566970202528	addons.webextension.screenshots@mozilla.org	WARN	Loading extension 'screenshots@mozilla.org': Reading manifest: Invalid extension permission: resource://pdf.js/
1566970202528	addons.webextension.screenshots@mozilla.org	WARN	Loading extension 'screenshots@mozilla.org': Reading manifest: Invalid extension permission: about:reader*

(firefox:3573): Gtk-WARNING **: 12:30:02.830: Theme directory 48/mimetypes of theme Qogir-dark has no size field

1566970204324	Marionette	INFO	Listening on port 36563
1566970204341	Marionette	WARN	TLS certificate errors will be ignored for this session
Exiting due to channel error.
Exiting due to channel error.
Exiting due to channel error.
1566970274746	mozrunner::runner	INFO	Running command: "/usr/bin/firefox" "-marionette" "-foreground" "-no-remote" "-profile" "/tmp/rust_mozprofile.90gihMC3KoLI"
1566970275161	addons.webextension.screenshots@mozilla.org	WARN	Loading extension 'screenshots@mozilla.org': Reading manifest: Invalid extension permission: mozillaAddons
1566970275162	addons.webextension.screenshots@mozilla.org	WARN	Loading extension 'screenshots@mozilla.org': Reading manifest: Invalid extension permission: resource://pdf.js/
1566970275162	addons.webextension.screenshots@mozilla.org	WARN	Loading extension 'screenshots@mozilla.org': Reading manifest: Invalid extension permission: about:reader*

(firefox:3895): Gtk-WARNING **: 12:31:15.415: Theme directory 48/mimetypes of theme Qogir-dark has no size field

1566970276792	Marionette	INFO	Listening on port 42439
1566970276911	Marionette	WARN	TLS certificate errors will be ignored for this session
1566970298658	Marionette	INFO	Stopped listening on port 42439
[Parent 3895, Gecko_IOThread] WARNING: pipe error (99): Connection reset by peer: file /build/firefox-6m4fHv/firefox-66.0.3+build1/ipc/chromium/src/chrome/common/ipc_channel_posix.cc, line 357
1566970332005	mozrunner::runner	INFO	Running command: "/usr/bin/firefox" "-marionette" "-foreground" "-no-remote" "-profile" "/tmp/rust_mozprofile.Ls9sNCynFfV2"
1566970332410	addons.webextension.screenshots@mozilla.org	WARN	Loading extension 'screenshots@mozilla.org': Reading manifest: Invalid extension permission: mozillaAddons
1566970332410	addons.webextension.screenshots@mozilla.org	WARN	Loading extension 'screenshots@mozilla.org': Reading manifest: Invalid extension permission: resource://pdf.js/
1566970332411	addons.webextension.screenshots@mozilla.org	WARN	Loading extension 'screenshots@mozilla.org': Reading manifest: Invalid extension permission: about:reader*

(firefox:4255): Gtk-WARNING **: 12:32:12.674: Theme directory 48/mimetypes of theme Qogir-dark has no size field

1566970334078	Marionette	INFO	Listening on port 36869
1566970334114	Marionette	WARN	TLS certificate errors will be ignored for this session
console.error: BroadcastService: 
  receivedBroadcastMessage: handler for
  remote-settings/monitor_changes
  threw error:
  Message: Error: Polling for changes failed: NetworkError when attempting to fetch resource..
  Stack:
    remoteSettingsFunction/remoteSettings.pollChanges@resource://services-settings/remote-settings.js:190:13

1566970368381	Marionette	INFO	Stopped listening on port 36869
[Parent 4255, Gecko_IOThread] WARNING: pipe error (70): Connection reset by peer: file /build/firefox-6m4fHv/firefox-66.0.3+build1/ipc/chromium/src/chrome/common/ipc_channel_posix.cc, line 357

###!!! [Child][MessageChannel] Error: (msgtype=0x520011,name=PHttpChannel::Msg___delete__) Channel closing: too late to send/recv, messages will be lost

[Child 4416, Chrome_ChildThread] WARNING: pipe error (3): Connection reset by peer: file /build/firefox-6m4fHv/firefox-66.0.3+build1/ipc/chromium/src/chrome/common/ipc_channel_posix.cc, line 357

###!!! [Child][MessageChannel] Error: (msgtype=0x5F0029,name=PNecko::Msg_RemoveRequestContext) Channel closing: too late to send/recv, messages will be lost


###!!! [Child][RunMessage] Error: Channel closing: too late to send/recv, messages will be lost


###!!! [Child][RunMessage] Error: Channel closing: too late to send/recv, messages will be lost


###!!! [Child][RunMessage] Error: Channel closing: too late to send/recv, messages will be lost


###!!! [Child][RunMessage] Error: Channel closing: too late to send/recv, messages will be lost


###!!! [Child][RunMessage] Error: Channel closing: too late to send/recv, messages will be lost

1566970468024	mozrunner::runner	INFO	Running command: "/usr/bin/firefox" "-marionette" "-foreground" "-no-remote" "-profile" "/tmp/rust_mozprofile.R4f6dfXPU92F"
1566970468422	addons.webextension.screenshots@mozilla.org	WARN	Loading extension 'screenshots@mozilla.org': Reading manifest: Invalid extension permission: mozillaAddons
1566970468423	addons.webextension.screenshots@mozilla.org	WARN	Loading extension 'screenshots@mozilla.org': Reading manifest: Invalid extension permission: resource://pdf.js/
1566970468423	addons.webextension.screenshots@mozilla.org	WARN	Loading extension 'screenshots@mozilla.org': Reading manifest: Invalid extension permission: about:reader*

(firefox:5220): Gtk-WARNING **: 12:34:28.698: Theme directory 48/mimetypes of theme Qogir-dark has no size field

1566970470092	Marionette	INFO	Listening on port 40641
1566970470138	Marionette	WARN	TLS certificate errors will be ignored for this session
console.error: BroadcastService: 
  receivedBroadcastMessage: handler for
  remote-settings/monitor_changes
  threw error:
  Message: Error: Polling for changes failed: NetworkError when attempting to fetch resource..
  Stack:
    remoteSettingsFunction/remoteSettings.pollChanges@resource://services-settings/remote-settings.js:190:13

Attempting load of libEGL.so
1566970509026	Marionette	INFO	Stopped listening on port 40641
JavaScript error: resource://gre/modules/WebProgressChild.jsm, line 61: TypeError: this.mm.content is null
